<?xml version="1.0" encoding="UTF-8"?>
<testng-results ignored="0" total="1" passed="1" failed="0" skipped="0">
  <reporter-output>
    <line>
      <![CDATA[Resume is uploaded]]>
    </line>
  </reporter-output>
  <suite started-at="2023-08-11T20:59:30 IST" name="Default suite" finished-at="2023-08-11T20:59:46 IST" duration-ms="15936">
    <groups>
    </groups>
    <test started-at="2023-08-11T20:59:30 IST" name="Default test" finished-at="2023-08-11T20:59:46 IST" duration-ms="15936">
      <class name="newProject.naukriProjectTest">
        <test-method is-config="true" signature="beforeConfiguration()[pri:0, instance:newProject.naukriProjectTest@4d465b11]" started-at="2023-08-11T20:59:30 IST" name="beforeConfiguration" finished-at="2023-08-11T20:59:40 IST" duration-ms="10329" status="PASS">
          <reporter-output>
          </reporter-output>
        </test-method> <!-- beforeConfiguration -->
        <test-method signature="resumeUpload()[pri:0, instance:newProject.naukriProjectTest@4d465b11]" started-at="2023-08-11T20:59:40 IST" name="resumeUpload" finished-at="2023-08-11T20:59:45 IST" duration-ms="4478" status="PASS">
          <reporter-output>
            <line>
              <![CDATA[Resume is uploaded]]>
            </line>
          </reporter-output>
        </test-method> <!-- resumeUpload -->
        <test-method is-config="true" signature="afterConfiguration()[pri:0, instance:newProject.naukriProjectTest@4d465b11]" started-at="2023-08-11T20:59:45 IST" name="afterConfiguration" finished-at="2023-08-11T20:59:46 IST" duration-ms="1051" status="PASS">
          <reporter-output>
          </reporter-output>
        </test-method> <!-- afterConfiguration -->
      </class> <!-- newProject.naukriProjectTest -->
    </test> <!-- Default test -->
  </suite> <!-- Default suite -->
</testng-results>
